mode: set
k8s.io/kubeadm/operator/hack/verify-boilerplate.go:56.48,57.33 1 1
k8s.io/kubeadm/operator/hack/verify-boilerplate.go:67.2,67.13 1 1
k8s.io/kubeadm/operator/hack/verify-boilerplate.go:57.33,59.21 2 1
k8s.io/kubeadm/operator/hack/verify-boilerplate.go:62.3,62.27 1 1
k8s.io/kubeadm/operator/hack/verify-boilerplate.go:65.3,65.18 1 0
k8s.io/kubeadm/operator/hack/verify-boilerplate.go:59.21,61.4 1 1
k8s.io/kubeadm/operator/hack/verify-boilerplate.go:62.27,64.4 1 1
k8s.io/kubeadm/operator/hack/verify-boilerplate.go:71.53,74.15 2 0
k8s.io/kubeadm/operator/hack/verify-boilerplate.go:79.2,80.33 2 0
k8s.io/kubeadm/operator/hack/verify-boilerplate.go:85.2,85.14 1 0
k8s.io/kubeadm/operator/hack/verify-boilerplate.go:74.15,76.3 1 0
k8s.io/kubeadm/operator/hack/verify-boilerplate.go:80.33,81.15 1 0
k8s.io/kubeadm/operator/hack/verify-boilerplate.go:81.15,83.4 1 0
k8s.io/kubeadm/operator/hack/verify-boilerplate.go:89.47,93.29 4 1
k8s.io/kubeadm/operator/hack/verify-boilerplate.go:128.2,128.28 1 1
k8s.io/kubeadm/operator/hack/verify-boilerplate.go:131.2,131.28 1 1
k8s.io/kubeadm/operator/hack/verify-boilerplate.go:134.2,134.12 1 1
k8s.io/kubeadm/operator/hack/verify-boilerplate.go:93.29,100.47 4 1
k8s.io/kubeadm/operator/hack/verify-boilerplate.go:116.3,116.28 1 1
k8s.io/kubeadm/operator/hack/verify-boilerplate.go:100.47,106.37 4 1
k8s.io/kubeadm/operator/hack/verify-boilerplate.go:109.4,109.45 1 1
k8s.io/kubeadm/operator/hack/verify-boilerplate.go:112.4,112.70 1 1
k8s.io/kubeadm/operator/hack/verify-boilerplate.go:106.37,108.5 1 0
k8s.io/kubeadm/operator/hack/verify-boilerplate.go:109.45,111.5 1 1
k8s.io/kubeadm/operator/hack/verify-boilerplate.go:116.28,117.22 1 1
k8s.io/kubeadm/operator/hack/verify-boilerplate.go:120.4,122.48 2 1
k8s.io/kubeadm/operator/hack/verify-boilerplate.go:117.22,119.5 1 1
k8s.io/kubeadm/operator/hack/verify-boilerplate.go:122.48,123.10 1 1
k8s.io/kubeadm/operator/hack/verify-boilerplate.go:128.28,130.3 1 0
k8s.io/kubeadm/operator/hack/verify-boilerplate.go:131.28,133.3 1 0
k8s.io/kubeadm/operator/hack/verify-boilerplate.go:138.40,139.24 1 0
k8s.io/kubeadm/operator/hack/verify-boilerplate.go:143.2,143.41 1 0
k8s.io/kubeadm/operator/hack/verify-boilerplate.go:149.2,150.16 2 0
k8s.io/kubeadm/operator/hack/verify-boilerplate.go:154.2,154.37 1 0
k8s.io/kubeadm/operator/hack/verify-boilerplate.go:139.24,141.3 1 0
k8s.io/kubeadm/operator/hack/verify-boilerplate.go:143.41,146.3 2 0
k8s.io/kubeadm/operator/hack/verify-boilerplate.go:150.16,152.3 1 0
k8s.io/kubeadm/operator/hack/verify-boilerplate.go:157.13,158.22 1 0
k8s.io/kubeadm/operator/hack/verify-boilerplate.go:164.2,165.39 2 0
k8s.io/kubeadm/operator/hack/verify-boilerplate.go:171.2,171.12 1 0
k8s.io/kubeadm/operator/hack/verify-boilerplate.go:158.22,162.3 2 0
k8s.io/kubeadm/operator/hack/verify-boilerplate.go:165.39,166.46 1 0
k8s.io/kubeadm/operator/hack/verify-boilerplate.go:166.46,169.4 2 0
k8s.io/kubeadm/operator/hack/verify-boilerplate.go:171.12,173.3 1 0
k8s.io/kubeadm/operator/controllers/runtimetask_controller.go:53.74,54.85 1 0
k8s.io/kubeadm/operator/controllers/runtimetask_controller.go:58.2,67.12 3 0
k8s.io/kubeadm/operator/controllers/runtimetask_controller.go:54.85,56.3 1 0
k8s.io/kubeadm/operator/controllers/runtimetask_controller.go:71.89,77.68 4 1
k8s.io/kubeadm/operator/controllers/runtimetask_controller.go:85.2,85.38 1 1
k8s.io/kubeadm/operator/controllers/runtimetask_controller.go:90.2,90.39 1 1
k8s.io/kubeadm/operator/controllers/runtimetask_controller.go:95.2,96.16 2 1
k8s.io/kubeadm/operator/controllers/runtimetask_controller.go:102.2,103.16 2 1
k8s.io/kubeadm/operator/controllers/runtimetask_controller.go:108.2,108.35 1 1
k8s.io/kubeadm/operator/controllers/runtimetask_controller.go:113.2,114.16 2 1
k8s.io/kubeadm/operator/controllers/runtimetask_controller.go:118.2,118.15 1 1
k8s.io/kubeadm/operator/controllers/runtimetask_controller.go:128.2,128.73 1 1
k8s.io/kubeadm/operator/controllers/runtimetask_controller.go:131.2,131.27 1 1
k8s.io/kubeadm/operator/controllers/runtimetask_controller.go:77.68,78.32 1 1
k8s.io/kubeadm/operator/controllers/runtimetask_controller.go:81.3,81.28 1 0
k8s.io/kubeadm/operator/controllers/runtimetask_controller.go:78.32,80.4 1 1
k8s.io/kubeadm/operator/controllers/runtimetask_controller.go:85.38,87.3 1 1
k8s.io/kubeadm/operator/controllers/runtimetask_controller.go:90.39,92.3 1 1
k8s.io/kubeadm/operator/controllers/runtimetask_controller.go:96.16,98.3 1 1
k8s.io/kubeadm/operator/controllers/runtimetask_controller.go:103.16,105.3 1 1
k8s.io/kubeadm/operator/controllers/runtimetask_controller.go:108.35,110.3 1 1
k8s.io/kubeadm/operator/controllers/runtimetask_controller.go:114.16,116.3 1 0
k8s.io/kubeadm/operator/controllers/runtimetask_controller.go:118.15,119.54 1 1
k8s.io/kubeadm/operator/controllers/runtimetask_controller.go:119.54,121.19 2 0
k8s.io/kubeadm/operator/controllers/runtimetask_controller.go:121.19,123.5 1 0
k8s.io/kubeadm/operator/controllers/runtimetask_controller.go:128.73,130.3 1 0
k8s.io/kubeadm/operator/controllers/runtimetask_controller.go:134.179,146.38 5 1
k8s.io/kubeadm/operator/controllers/runtimetask_controller.go:155.2,155.16 1 1
k8s.io/kubeadm/operator/controllers/runtimetask_controller.go:163.2,165.8 2 1
k8s.io/kubeadm/operator/controllers/runtimetask_controller.go:146.38,148.17 2 0
k8s.io/kubeadm/operator/controllers/runtimetask_controller.go:148.17,150.4 1 0
k8s.io/kubeadm/operator/controllers/runtimetask_controller.go:155.16,157.17 2 1
k8s.io/kubeadm/operator/controllers/runtimetask_controller.go:157.17,159.4 1 0
k8s.io/kubeadm/operator/controllers/runtimetask_controller.go:168.152,170.71 1 1
k8s.io/kubeadm/operator/controllers/runtimetask_controller.go:175.2,175.95 1 1
k8s.io/kubeadm/operator/controllers/runtimetask_controller.go:179.2,179.50 1 1
k8s.io/kubeadm/operator/controllers/runtimetask_controller.go:203.2,208.13 3 1
k8s.io/kubeadm/operator/controllers/runtimetask_controller.go:170.71,172.3 1 1
k8s.io/kubeadm/operator/controllers/runtimetask_controller.go:175.95,177.3 1 1
k8s.io/kubeadm/operator/controllers/runtimetask_controller.go:180.67,182.145 2 1
k8s.io/kubeadm/operator/controllers/runtimetask_controller.go:183.67,188.65 3 1
k8s.io/kubeadm/operator/controllers/runtimetask_controller.go:198.10,198.10 0 0
k8s.io/kubeadm/operator/controllers/runtimetask_controller.go:188.65,190.4 1 1
k8s.io/kubeadm/operator/controllers/runtimetask_controller.go:190.9,193.68 2 1
k8s.io/kubeadm/operator/controllers/runtimetask_controller.go:193.68,195.5 1 1
k8s.io/kubeadm/operator/controllers/runtimetask_controller.go:211.108,218.2 3 1
k8s.io/kubeadm/operator/controllers/runtimetask_controller.go:220.151,227.24 1 1
k8s.io/kubeadm/operator/controllers/runtimetask_controller.go:234.2,234.34 1 1
k8s.io/kubeadm/operator/controllers/runtimetask_controller.go:242.2,242.62 1 1
k8s.io/kubeadm/operator/controllers/runtimetask_controller.go:276.2,276.64 1 1
k8s.io/kubeadm/operator/controllers/runtimetask_controller.go:282.2,283.66 2 1
k8s.io/kubeadm/operator/controllers/runtimetask_controller.go:286.2,286.12 1 1
k8s.io/kubeadm/operator/controllers/runtimetask_controller.go:227.24,229.3 1 1
k8s.io/kubeadm/operator/controllers/runtimetask_controller.go:234.34,238.3 3 1
k8s.io/kubeadm/operator/controllers/runtimetask_controller.go:242.62,245.3 1 0
k8s.io/kubeadm/operator/controllers/runtimetask_controller.go:245.8,251.52 3 1
k8s.io/kubeadm/operator/controllers/runtimetask_controller.go:259.3,262.17 2 1
k8s.io/kubeadm/operator/controllers/runtimetask_controller.go:271.3,272.144 2 1
k8s.io/kubeadm/operator/controllers/runtimetask_controller.go:251.52,255.4 1 0
k8s.io/kubeadm/operator/controllers/runtimetask_controller.go:262.17,269.4 4 1
k8s.io/kubeadm/operator/controllers/runtimetask_controller.go:276.64,279.3 2 1
k8s.io/kubeadm/operator/controllers/runtimetask_controller.go:283.66,285.3 1 1
k8s.io/kubeadm/operator/controllers/runtimetask_controller.go:289.85,295.2 1 0
k8s.io/kubeadm/operator/controllers/runtimetask_controller.go:297.78,299.38 1 1
k8s.io/kubeadm/operator/controllers/runtimetask_controller.go:305.2,305.71 1 1
k8s.io/kubeadm/operator/controllers/runtimetask_controller.go:311.2,311.39 1 1
k8s.io/kubeadm/operator/controllers/runtimetask_controller.go:317.2,317.24 1 1
k8s.io/kubeadm/operator/controllers/runtimetask_controller.go:323.2,323.34 1 1
k8s.io/kubeadm/operator/controllers/runtimetask_controller.go:329.2,329.63 1 1
k8s.io/kubeadm/operator/controllers/runtimetask_controller.go:299.38,302.3 2 1
k8s.io/kubeadm/operator/controllers/runtimetask_controller.go:305.71,308.3 2 1
k8s.io/kubeadm/operator/controllers/runtimetask_controller.go:311.39,314.3 2 1
k8s.io/kubeadm/operator/controllers/runtimetask_controller.go:317.24,320.3 2 1
k8s.io/kubeadm/operator/controllers/runtimetask_controller.go:323.34,326.3 2 1
k8s.io/kubeadm/operator/controllers/runtimetask_reconcile.go:42.100,44.17 2 1
k8s.io/kubeadm/operator/controllers/runtimetask_reconcile.go:49.2,53.3 1 1
k8s.io/kubeadm/operator/controllers/runtimetask_reconcile.go:44.17,46.3 1 1
k8s.io/kubeadm/operator/controllers/runtimetask_reconcile.go:46.8,48.3 1 1
k8s.io/kubeadm/operator/controllers/runtimetask_reconcile.go:66.96,70.26 2 1
k8s.io/kubeadm/operator/controllers/runtimetask_reconcile.go:76.2,76.32 1 1
k8s.io/kubeadm/operator/controllers/runtimetask_reconcile.go:92.2,102.29 2 1
k8s.io/kubeadm/operator/controllers/runtimetask_reconcile.go:107.2,107.48 1 1
k8s.io/kubeadm/operator/controllers/runtimetask_reconcile.go:110.2,112.18 2 1
k8s.io/kubeadm/operator/controllers/runtimetask_reconcile.go:70.26,73.3 2 1
k8s.io/kubeadm/operator/controllers/runtimetask_reconcile.go:76.32,80.45 1 1
k8s.io/kubeadm/operator/controllers/runtimetask_reconcile.go:88.3,88.61 1 1
k8s.io/kubeadm/operator/controllers/runtimetask_reconcile.go:80.45,83.12 2 1
k8s.io/kubeadm/operator/controllers/runtimetask_reconcile.go:102.29,104.3 1 1
k8s.io/kubeadm/operator/controllers/runtimetask_reconcile.go:107.48,107.104 1 1
k8s.io/kubeadm/operator/controllers/runtimetask_reconcile.go:115.43,116.26 1 1
k8s.io/kubeadm/operator/controllers/runtimetask_reconcile.go:116.26,117.10 1 1
k8s.io/kubeadm/operator/controllers/runtimetask_reconcile.go:118.22,119.24 1 1
k8s.io/kubeadm/operator/controllers/runtimetask_reconcile.go:147.22,149.36 1 1
k8s.io/kubeadm/operator/controllers/runtimetask_reconcile.go:120.11,122.45 1 1
k8s.io/kubeadm/operator/controllers/runtimetask_reconcile.go:123.11,126.104 1 1
k8s.io/kubeadm/operator/controllers/runtimetask_reconcile.go:131.5,131.48 1 1
k8s.io/kubeadm/operator/controllers/runtimetask_reconcile.go:136.5,136.43 1 1
k8s.io/kubeadm/operator/controllers/runtimetask_reconcile.go:141.5,141.37 1 1
k8s.io/kubeadm/operator/controllers/runtimetask_reconcile.go:142.12,145.37 1 1
k8s.io/kubeadm/operator/controllers/runtimetask_reconcile.go:126.104,128.14 2 1
k8s.io/kubeadm/operator/controllers/runtimetask_reconcile.go:131.48,133.14 2 1
k8s.io/kubeadm/operator/controllers/runtimetask_reconcile.go:136.43,138.14 2 1
k8s.io/kubeadm/operator/controllers/runtimetask_reconcile.go:154.47,156.2 1 1
k8s.io/kubeadm/operator/controllers/runtimetaskgroup_controller.go:51.79,52.85 1 0
k8s.io/kubeadm/operator/controllers/runtimetaskgroup_controller.go:56.2,66.12 3 0
k8s.io/kubeadm/operator/controllers/runtimetaskgroup_controller.go:52.85,54.3 1 0
k8s.io/kubeadm/operator/controllers/runtimetaskgroup_controller.go:70.94,76.73 4 0
k8s.io/kubeadm/operator/controllers/runtimetaskgroup_controller.go:84.2,84.44 1 0
k8s.io/kubeadm/operator/controllers/runtimetaskgroup_controller.go:89.2,90.16 2 0
k8s.io/kubeadm/operator/controllers/runtimetaskgroup_controller.go:95.2,96.16 2 0
k8s.io/kubeadm/operator/controllers/runtimetaskgroup_controller.go:100.2,100.15 1 0
k8s.io/kubeadm/operator/controllers/runtimetaskgroup_controller.go:110.2,110.72 1 0
k8s.io/kubeadm/operator/controllers/runtimetaskgroup_controller.go:113.2,113.27 1 0
k8s.io/kubeadm/operator/controllers/runtimetaskgroup_controller.go:76.73,77.32 1 0
k8s.io/kubeadm/operator/controllers/runtimetaskgroup_controller.go:80.3,80.28 1 0
k8s.io/kubeadm/operator/controllers/runtimetaskgroup_controller.go:77.32,79.4 1 0
k8s.io/kubeadm/operator/controllers/runtimetaskgroup_controller.go:84.44,86.3 1 0
k8s.io/kubeadm/operator/controllers/runtimetaskgroup_controller.go:90.16,92.3 1 0
k8s.io/kubeadm/operator/controllers/runtimetaskgroup_controller.go:96.16,98.3 1 0
k8s.io/kubeadm/operator/controllers/runtimetaskgroup_controller.go:100.15,101.59 1 0
k8s.io/kubeadm/operator/controllers/runtimetaskgroup_controller.go:101.59,103.19 2 0
k8s.io/kubeadm/operator/controllers/runtimetaskgroup_controller.go:103.19,105.5 1 0
k8s.io/kubeadm/operator/controllers/runtimetaskgroup_controller.go:110.72,112.3 1 0
k8s.io/kubeadm/operator/controllers/runtimetaskgroup_controller.go:116.159,125.43 4 0
k8s.io/kubeadm/operator/controllers/runtimetaskgroup_controller.go:134.2,135.16 2 0
k8s.io/kubeadm/operator/controllers/runtimetaskgroup_controller.go:139.2,140.16 2 0
k8s.io/kubeadm/operator/controllers/runtimetaskgroup_controller.go:145.2,147.12 2 0
k8s.io/kubeadm/operator/controllers/runtimetaskgroup_controller.go:125.43,127.17 2 0
k8s.io/kubeadm/operator/controllers/runtimetaskgroup_controller.go:127.17,129.4 1 0
k8s.io/kubeadm/operator/controllers/runtimetaskgroup_controller.go:135.16,137.3 1 0
k8s.io/kubeadm/operator/controllers/runtimetaskgroup_controller.go:140.16,142.3 1 0
k8s.io/kubeadm/operator/controllers/runtimetaskgroup_controller.go:150.123,157.2 3 1
k8s.io/kubeadm/operator/controllers/runtimetaskgroup_controller.go:159.187,163.16 2 0
k8s.io/kubeadm/operator/controllers/runtimetaskgroup_controller.go:167.2,172.16 3 0
k8s.io/kubeadm/operator/controllers/runtimetaskgroup_controller.go:176.2,188.19 8 0
k8s.io/kubeadm/operator/controllers/runtimetaskgroup_controller.go:163.16,165.3 1 0
k8s.io/kubeadm/operator/controllers/runtimetaskgroup_controller.go:172.16,174.3 1 0
k8s.io/kubeadm/operator/controllers/runtimetaskgroup_controller.go:191.192,200.29 1 1
k8s.io/kubeadm/operator/controllers/runtimetaskgroup_controller.go:225.2,225.39 1 1
k8s.io/kubeadm/operator/controllers/runtimetaskgroup_controller.go:235.2,235.44 1 1
k8s.io/kubeadm/operator/controllers/runtimetaskgroup_controller.go:243.2,243.29 1 1
k8s.io/kubeadm/operator/controllers/runtimetaskgroup_controller.go:250.2,250.32 1 1
k8s.io/kubeadm/operator/controllers/runtimetaskgroup_controller.go:266.2,266.12 1 1
k8s.io/kubeadm/operator/controllers/runtimetaskgroup_controller.go:200.29,202.3 1 1
k8s.io/kubeadm/operator/controllers/runtimetaskgroup_controller.go:202.8,205.29 1 1
k8s.io/kubeadm/operator/controllers/runtimetaskgroup_controller.go:214.3,214.28 1 1
k8s.io/kubeadm/operator/controllers/runtimetaskgroup_controller.go:205.29,210.4 2 1
k8s.io/kubeadm/operator/controllers/runtimetaskgroup_controller.go:214.28,219.4 2 1
k8s.io/kubeadm/operator/controllers/runtimetaskgroup_controller.go:225.39,231.3 2 1
k8s.io/kubeadm/operator/controllers/runtimetaskgroup_controller.go:235.44,240.3 2 1
k8s.io/kubeadm/operator/controllers/runtimetaskgroup_controller.go:243.29,245.3 1 1
k8s.io/kubeadm/operator/controllers/runtimetaskgroup_controller.go:250.32,254.31 1 1
k8s.io/kubeadm/operator/controllers/runtimetaskgroup_controller.go:254.31,260.18 4 1
k8s.io/kubeadm/operator/controllers/runtimetaskgroup_controller.go:260.18,262.5 1 0
k8s.io/kubeadm/operator/controllers/runtimetaskgroup_controller.go:269.169,275.66 4 1
k8s.io/kubeadm/operator/controllers/runtimetaskgroup_controller.go:279.2,301.52 2 1
k8s.io/kubeadm/operator/controllers/runtimetaskgroup_controller.go:275.66,277.3 1 1
k8s.io/kubeadm/operator/controllers/runtimetaskgroup_controller.go:304.100,310.2 1 0
k8s.io/kubeadm/operator/controllers/runtimetaskgroup_controller.go:312.93,314.43 1 1
k8s.io/kubeadm/operator/controllers/runtimetaskgroup_controller.go:320.2,320.81 1 1
k8s.io/kubeadm/operator/controllers/runtimetaskgroup_controller.go:326.2,326.44 1 1
k8s.io/kubeadm/operator/controllers/runtimetaskgroup_controller.go:332.2,332.29 1 1
k8s.io/kubeadm/operator/controllers/runtimetaskgroup_controller.go:338.2,338.39 1 1
k8s.io/kubeadm/operator/controllers/runtimetaskgroup_controller.go:344.2,344.73 1 1
k8s.io/kubeadm/operator/controllers/runtimetaskgroup_controller.go:314.43,317.3 2 1
k8s.io/kubeadm/operator/controllers/runtimetaskgroup_controller.go:320.81,323.3 2 1
k8s.io/kubeadm/operator/controllers/runtimetaskgroup_controller.go:326.44,329.3 2 1
k8s.io/kubeadm/operator/controllers/runtimetaskgroup_controller.go:332.29,335.3 2 1
k8s.io/kubeadm/operator/controllers/runtimetaskgroup_controller.go:338.39,341.3 2 1
k8s.io/kubeadm/operator/controllers/runtimetaskgroup_reconcile.go:39.132,41.20 2 1
k8s.io/kubeadm/operator/controllers/runtimetaskgroup_reconcile.go:46.2,50.3 1 1
k8s.io/kubeadm/operator/controllers/runtimetaskgroup_reconcile.go:41.20,43.3 1 1
k8s.io/kubeadm/operator/controllers/runtimetaskgroup_reconcile.go:43.8,45.3 1 1
k8s.io/kubeadm/operator/controllers/runtimetaskgroup_reconcile.go:63.134,67.42 2 1
k8s.io/kubeadm/operator/controllers/runtimetaskgroup_reconcile.go:73.2,73.42 1 1
k8s.io/kubeadm/operator/controllers/runtimetaskgroup_reconcile.go:91.2,101.29 2 1
k8s.io/kubeadm/operator/controllers/runtimetaskgroup_reconcile.go:106.2,106.48 1 1
k8s.io/kubeadm/operator/controllers/runtimetaskgroup_reconcile.go:109.2,111.18 2 1
k8s.io/kubeadm/operator/controllers/runtimetaskgroup_reconcile.go:67.42,70.3 2 1
k8s.io/kubeadm/operator/controllers/runtimetaskgroup_reconcile.go:73.42,78.51 2 1
k8s.io/kubeadm/operator/controllers/runtimetaskgroup_reconcile.go:87.3,87.86 1 1
k8s.io/kubeadm/operator/controllers/runtimetaskgroup_reconcile.go:78.51,81.12 2 1
k8s.io/kubeadm/operator/controllers/runtimetaskgroup_reconcile.go:101.29,103.3 1 1
k8s.io/kubeadm/operator/controllers/runtimetaskgroup_reconcile.go:106.48,106.104 1 1
k8s.io/kubeadm/operator/controllers/runtimetaskgroup_reconcile.go:114.48,115.26 1 1
k8s.io/kubeadm/operator/controllers/runtimetaskgroup_reconcile.go:115.26,116.10 1 1
k8s.io/kubeadm/operator/controllers/runtimetaskgroup_reconcile.go:117.25,119.24 1 1
k8s.io/kubeadm/operator/controllers/runtimetaskgroup_reconcile.go:124.4,124.83 1 1
k8s.io/kubeadm/operator/controllers/runtimetaskgroup_reconcile.go:129.4,129.46 1 1
k8s.io/kubeadm/operator/controllers/runtimetaskgroup_reconcile.go:134.4,134.41 1 1
k8s.io/kubeadm/operator/controllers/runtimetaskgroup_reconcile.go:139.4,139.36 1 1
k8s.io/kubeadm/operator/controllers/runtimetaskgroup_reconcile.go:140.25,141.36 1 1
k8s.io/kubeadm/operator/controllers/runtimetaskgroup_reconcile.go:119.24,121.13 2 1
k8s.io/kubeadm/operator/controllers/runtimetaskgroup_reconcile.go:124.83,126.13 2 1
k8s.io/kubeadm/operator/controllers/runtimetaskgroup_reconcile.go:129.46,131.13 2 1
k8s.io/kubeadm/operator/controllers/runtimetaskgroup_reconcile.go:134.41,136.13 2 1
k8s.io/kubeadm/operator/controllers/runtimetaskgroup_reconcile.go:146.57,148.2 1 1
k8s.io/kubeadm/operator/controllers/util.go:43.72,52.16 4 0
k8s.io/kubeadm/operator/controllers/util.go:56.2,57.40 2 0
k8s.io/kubeadm/operator/controllers/util.go:63.2,63.24 1 0
k8s.io/kubeadm/operator/controllers/util.go:67.2,67.26 1 0
k8s.io/kubeadm/operator/controllers/util.go:52.16,54.3 1 0
k8s.io/kubeadm/operator/controllers/util.go:57.40,58.26 1 0
k8s.io/kubeadm/operator/controllers/util.go:58.26,60.4 1 0
k8s.io/kubeadm/operator/controllers/util.go:63.24,65.3 1 0
k8s.io/kubeadm/operator/controllers/util.go:70.114,79.16 4 1
k8s.io/kubeadm/operator/controllers/util.go:86.2,86.23 1 0
k8s.io/kubeadm/operator/controllers/util.go:79.16,80.32 1 1
k8s.io/kubeadm/operator/controllers/util.go:83.3,83.18 1 0
k8s.io/kubeadm/operator/controllers/util.go:80.32,82.4 1 1
k8s.io/kubeadm/operator/controllers/util.go:89.49,91.2 1 1
k8s.io/kubeadm/operator/controllers/util.go:93.66,95.2 1 1
k8s.io/kubeadm/operator/controllers/util.go:97.121,99.37 2 1
k8s.io/kubeadm/operator/controllers/util.go:103.2,201.16 3 1
k8s.io/kubeadm/operator/controllers/util.go:204.2,204.26 1 1
k8s.io/kubeadm/operator/controllers/util.go:208.2,208.17 1 1
k8s.io/kubeadm/operator/controllers/util.go:249.2,251.16 1 1
k8s.io/kubeadm/operator/controllers/util.go:255.2,255.12 1 1
k8s.io/kubeadm/operator/controllers/util.go:99.37,101.3 1 1
k8s.io/kubeadm/operator/controllers/util.go:201.16,203.3 1 0
k8s.io/kubeadm/operator/controllers/util.go:204.26,206.3 1 0
k8s.io/kubeadm/operator/controllers/util.go:208.17,234.3 2 0
k8s.io/kubeadm/operator/controllers/util.go:234.8,236.35 1 1
k8s.io/kubeadm/operator/controllers/util.go:239.3,246.4 2 1
k8s.io/kubeadm/operator/controllers/util.go:236.35,238.4 1 1
k8s.io/kubeadm/operator/controllers/util.go:251.16,253.3 1 0
k8s.io/kubeadm/operator/controllers/util.go:258.74,261.16 1 0
k8s.io/kubeadm/operator/controllers/util.go:265.2,265.12 1 0
k8s.io/kubeadm/operator/controllers/util.go:261.16,263.3 1 0
k8s.io/kubeadm/operator/controllers/util.go:268.114,273.16 2 1
k8s.io/kubeadm/operator/controllers/util.go:277.2,277.29 1 1
k8s.io/kubeadm/operator/controllers/util.go:273.16,275.3 1 0
k8s.io/kubeadm/operator/controllers/util.go:281.111,282.20 1 1
k8s.io/kubeadm/operator/controllers/util.go:282.20,285.11 3 1
k8s.io/kubeadm/operator/controllers/util.go:290.3,292.20 3 1
k8s.io/kubeadm/operator/controllers/util.go:295.3,295.63 1 1
k8s.io/kubeadm/operator/controllers/util.go:285.11,288.4 2 1
k8s.io/kubeadm/operator/controllers/util.go:292.20,294.4 1 1
k8s.io/kubeadm/operator/controllers/util.go:299.88,303.9 3 0
k8s.io/kubeadm/operator/controllers/util.go:307.2,308.16 2 0
k8s.io/kubeadm/operator/controllers/util.go:312.2,312.34 1 0
k8s.io/kubeadm/operator/controllers/util.go:317.2,317.15 1 0
k8s.io/kubeadm/operator/controllers/util.go:303.9,305.3 1 0
k8s.io/kubeadm/operator/controllers/util.go:308.16,310.3 1 0
k8s.io/kubeadm/operator/controllers/util.go:312.34,315.3 2 0
k8s.io/kubeadm/operator/controllers/util.go:320.116,321.42 1 1
k8s.io/kubeadm/operator/controllers/util.go:334.2,334.88 1 1
k8s.io/kubeadm/operator/controllers/util.go:321.42,322.84 1 1
k8s.io/kubeadm/operator/controllers/util.go:322.84,328.53 3 1
k8s.io/kubeadm/operator/controllers/util.go:331.4,331.25 1 1
k8s.io/kubeadm/operator/controllers/util.go:328.53,330.5 1 0
k8s.io/kubeadm/operator/controllers/util.go:341.65,343.2 1 0
k8s.io/kubeadm/operator/controllers/util.go:345.101,347.16 2 0
k8s.io/kubeadm/operator/controllers/util.go:351.2,357.16 3 0
k8s.io/kubeadm/operator/controllers/util.go:361.2,361.19 1 0
k8s.io/kubeadm/operator/controllers/util.go:347.16,349.3 1 0
k8s.io/kubeadm/operator/controllers/util.go:357.16,359.3 1 0
k8s.io/kubeadm/operator/controllers/util.go:364.102,365.27 1 1
k8s.io/kubeadm/operator/controllers/util.go:369.2,369.114 1 1
k8s.io/kubeadm/operator/controllers/util.go:374.2,374.46 1 1
k8s.io/kubeadm/operator/controllers/util.go:376.2,376.57 1 1
k8s.io/kubeadm/operator/controllers/util.go:381.2,381.24 1 1
k8s.io/kubeadm/operator/controllers/util.go:365.27,367.3 1 0
k8s.io/kubeadm/operator/controllers/util.go:369.114,371.3 1 1
k8s.io/kubeadm/operator/controllers/util.go:374.46,374.98 1 1
k8s.io/kubeadm/operator/controllers/util.go:376.57,378.3 1 1
k8s.io/kubeadm/operator/controllers/util.go:384.112,386.16 2 0
k8s.io/kubeadm/operator/controllers/util.go:390.2,394.16 2 0
k8s.io/kubeadm/operator/controllers/util.go:398.2,398.19 1 0
k8s.io/kubeadm/operator/controllers/util.go:386.16,388.3 1 0
k8s.io/kubeadm/operator/controllers/util.go:394.16,396.3 1 0
k8s.io/kubeadm/operator/controllers/util.go:401.83,405.9 3 0
k8s.io/kubeadm/operator/controllers/util.go:409.2,410.16 2 0
k8s.io/kubeadm/operator/controllers/util.go:414.2,414.34 1 0
k8s.io/kubeadm/operator/controllers/util.go:419.2,419.15 1 0
k8s.io/kubeadm/operator/controllers/util.go:405.9,407.3 1 0
k8s.io/kubeadm/operator/controllers/util.go:410.16,412.3 1 0
k8s.io/kubeadm/operator/controllers/util.go:414.34,417.3 2 0
k8s.io/kubeadm/operator/controllers/util.go:422.123,423.42 1 1
k8s.io/kubeadm/operator/controllers/util.go:436.2,436.88 1 1
k8s.io/kubeadm/operator/controllers/util.go:423.42,424.91 1 1
k8s.io/kubeadm/operator/controllers/util.go:424.91,430.53 3 1
k8s.io/kubeadm/operator/controllers/util.go:433.4,433.25 1 1
k8s.io/kubeadm/operator/controllers/util.go:430.53,432.5 1 0
k8s.io/kubeadm/operator/controllers/operation_controller.go:55.72,65.2 3 0
k8s.io/kubeadm/operator/controllers/operation_controller.go:68.87,74.73 4 1
k8s.io/kubeadm/operator/controllers/operation_controller.go:82.2,82.44 1 1
k8s.io/kubeadm/operator/controllers/operation_controller.go:94.2,95.16 2 1
k8s.io/kubeadm/operator/controllers/operation_controller.go:99.2,99.15 1 1
k8s.io/kubeadm/operator/controllers/operation_controller.go:109.2,109.61 1 1
k8s.io/kubeadm/operator/controllers/operation_controller.go:113.2,113.27 1 1
k8s.io/kubeadm/operator/controllers/operation_controller.go:74.73,75.32 1 1
k8s.io/kubeadm/operator/controllers/operation_controller.go:78.3,78.28 1 0
k8s.io/kubeadm/operator/controllers/operation_controller.go:75.32,77.4 1 1
k8s.io/kubeadm/operator/controllers/operation_controller.go:82.44,86.17 2 1
k8s.io/kubeadm/operator/controllers/operation_controller.go:89.3,89.28 1 1
k8s.io/kubeadm/operator/controllers/operation_controller.go:86.17,88.4 1 0
k8s.io/kubeadm/operator/controllers/operation_controller.go:95.16,97.3 1 0
k8s.io/kubeadm/operator/controllers/operation_controller.go:99.15,100.59 1 1
k8s.io/kubeadm/operator/controllers/operation_controller.go:100.59,102.19 2 0
k8s.io/kubeadm/operator/controllers/operation_controller.go:102.19,104.5 1 0
k8s.io/kubeadm/operator/controllers/operation_controller.go:109.61,111.3 1 0
k8s.io/kubeadm/operator/controllers/operation_controller.go:116.106,118.16 2 1
k8s.io/kubeadm/operator/controllers/operation_controller.go:122.2,122.22 1 1
k8s.io/kubeadm/operator/controllers/operation_controller.go:136.2,136.42 1 1
k8s.io/kubeadm/operator/controllers/operation_controller.go:141.2,143.17 3 1
k8s.io/kubeadm/operator/controllers/operation_controller.go:151.2,151.103 1 1
k8s.io/kubeadm/operator/controllers/operation_controller.go:155.2,155.12 1 1
k8s.io/kubeadm/operator/controllers/operation_controller.go:118.16,120.3 1 0
k8s.io/kubeadm/operator/controllers/operation_controller.go:122.22,124.42 1 0
k8s.io/kubeadm/operator/controllers/operation_controller.go:128.3,129.62 2 0
k8s.io/kubeadm/operator/controllers/operation_controller.go:133.3,133.13 1 0
k8s.io/kubeadm/operator/controllers/operation_controller.go:124.42,126.4 1 0
k8s.io/kubeadm/operator/controllers/operation_controller.go:129.62,131.4 1 0
k8s.io/kubeadm/operator/controllers/operation_controller.go:136.42,138.3 1 1
k8s.io/kubeadm/operator/controllers/operation_controller.go:143.17,145.17 2 0
k8s.io/kubeadm/operator/controllers/operation_controller.go:145.17,147.4 1 0
k8s.io/kubeadm/operator/controllers/operation_controller.go:151.103,153.3 1 0
k8s.io/kubeadm/operator/controllers/operation_controller.go:158.69,162.2 1 1
k8s.io/kubeadm/operator/controllers/operation_controller.go:164.112,174.16 4 1
k8s.io/kubeadm/operator/controllers/operation_controller.go:180.2,180.43 1 1
k8s.io/kubeadm/operator/controllers/operation_controller.go:189.2,190.16 2 1
k8s.io/kubeadm/operator/controllers/operation_controller.go:194.2,195.16 2 1
k8s.io/kubeadm/operator/controllers/operation_controller.go:200.2,202.8 2 1
k8s.io/kubeadm/operator/controllers/operation_controller.go:174.16,176.3 1 0
k8s.io/kubeadm/operator/controllers/operation_controller.go:180.43,182.17 2 0
k8s.io/kubeadm/operator/controllers/operation_controller.go:182.17,184.4 1 0
k8s.io/kubeadm/operator/controllers/operation_controller.go:190.16,192.3 1 0
k8s.io/kubeadm/operator/controllers/operation_controller.go:195.16,197.3 1 0
k8s.io/kubeadm/operator/controllers/operation_controller.go:205.79,211.2 2 1
k8s.io/kubeadm/operator/controllers/operation_controller.go:213.80,214.29 1 1
k8s.io/kubeadm/operator/controllers/operation_controller.go:217.2,217.67 1 1
k8s.io/kubeadm/operator/controllers/operation_controller.go:220.2,220.66 1 1
k8s.io/kubeadm/operator/controllers/operation_controller.go:214.29,216.3 1 1
k8s.io/kubeadm/operator/controllers/operation_controller.go:217.67,219.3 1 1
k8s.io/kubeadm/operator/controllers/operation_controller.go:220.66,222.3 1 1
k8s.io/kubeadm/operator/controllers/operation_controller.go:225.134,230.16 2 1
k8s.io/kubeadm/operator/controllers/operation_controller.go:235.2,236.16 2 1
k8s.io/kubeadm/operator/controllers/operation_controller.go:240.2,252.24 8 1
k8s.io/kubeadm/operator/controllers/operation_controller.go:230.16,232.3 1 0
k8s.io/kubeadm/operator/controllers/operation_controller.go:236.16,238.3 1 0
k8s.io/kubeadm/operator/controllers/operation_controller.go:255.139,264.39 1 1
k8s.io/kubeadm/operator/controllers/operation_controller.go:291.2,291.39 1 1
k8s.io/kubeadm/operator/controllers/operation_controller.go:300.2,300.54 1 1
k8s.io/kubeadm/operator/controllers/operation_controller.go:307.2,307.29 1 1
k8s.io/kubeadm/operator/controllers/operation_controller.go:314.2,314.37 1 1
k8s.io/kubeadm/operator/controllers/operation_controller.go:328.2,328.12 1 1
k8s.io/kubeadm/operator/controllers/operation_controller.go:264.39,266.3 1 1
k8s.io/kubeadm/operator/controllers/operation_controller.go:266.8,269.34 1 1
k8s.io/kubeadm/operator/controllers/operation_controller.go:279.3,279.33 1 1
k8s.io/kubeadm/operator/controllers/operation_controller.go:269.34,275.4 2 1
k8s.io/kubeadm/operator/controllers/operation_controller.go:279.33,285.4 2 1
k8s.io/kubeadm/operator/controllers/operation_controller.go:291.39,296.3 2 1
k8s.io/kubeadm/operator/controllers/operation_controller.go:300.54,304.3 1 1
k8s.io/kubeadm/operator/controllers/operation_controller.go:307.29,309.3 1 1
k8s.io/kubeadm/operator/controllers/operation_controller.go:314.37,316.41 1 1
k8s.io/kubeadm/operator/controllers/operation_controller.go:316.41,322.18 4 1
k8s.io/kubeadm/operator/controllers/operation_controller.go:322.18,324.5 1 0
k8s.io/kubeadm/operator/controllers/operation_controller.go:331.86,337.2 1 0
k8s.io/kubeadm/operator/controllers/operation_controller.go:339.79,341.43 1 1
k8s.io/kubeadm/operator/controllers/operation_controller.go:347.2,347.81 1 1
k8s.io/kubeadm/operator/controllers/operation_controller.go:353.2,353.44 1 1
k8s.io/kubeadm/operator/controllers/operation_controller.go:359.2,359.29 1 1
k8s.io/kubeadm/operator/controllers/operation_controller.go:365.2,365.39 1 1
k8s.io/kubeadm/operator/controllers/operation_controller.go:371.2,371.66 1 1
k8s.io/kubeadm/operator/controllers/operation_controller.go:341.43,344.3 2 1
k8s.io/kubeadm/operator/controllers/operation_controller.go:347.81,350.3 2 1
k8s.io/kubeadm/operator/controllers/operation_controller.go:353.44,356.3 2 1
k8s.io/kubeadm/operator/controllers/operation_controller.go:359.29,362.3 2 1
k8s.io/kubeadm/operator/controllers/operation_controller.go:365.39,368.3 2 1
